# JRE version: Java(TM) SE Runtime Environment (8.0_181-b13) (build 1.8.0_181-b13)
# Java VM: Java HotSpot(TM) 64-Bit Server VM (25.181-b13 mixed mode windows-amd64 compressed oops)
Heap:
 PSYoungGen      total 258560K, used 65540K [0x00000000d5f00000, 0x00000000ee280000, 0x0000000100000000)
  eden space 246784K, 26% used [0x00000000d5f00000,0x00000000d9f01238,0x00000000e5000000)
  from space 11776K, 0% used [0x00000000e5000000,0x00000000e5000000,0x00000000e5b80000)
  to   space 13824K, 0% used [0x00000000ed500000,0x00000000ed500000,0x00000000ee280000)
 ParOldGen       total 46592K, used 17757K [0x0000000081c00000, 0x0000000084980000, 0x00000000d5f00000)
  object space 46592K, 38% used [0x0000000081c00000,0x0000000082d57460,0x0000000084980000)
 Metaspace       used 37558K, capacity 39541K, committed 39552K, reserved 1083392K
  class space    used 5095K, capacity 5501K, committed 5504K, reserved 1048576K
GC Heap History (10 events):
Event: 2.904 GC heap before
{Heap before GC invocations=7 (full 1):
 PSYoungGen      total 141824K, used 5341K [0x00000000d5f00000, 0x00000000df300000, 0x0000000100000000)
  eden space 133120K, 0% used [0x00000000d5f00000,0x00000000d5f00000,0x00000000de100000)
  from space 8704K, 61% used [0x00000000dea80000,0x00000000defb7698,0x00000000df300000)
  to   space 9216K, 0% used [0x00000000de100000,0x00000000de100000,0x00000000dea00000)
 ParOldGen       total 87552K, used 6017K [0x0000000081c00000, 0x0000000087180000, 0x00000000d5f00000)
  object space 87552K, 6% used [0x0000000081c00000,0x00000000821e0788,0x0000000087180000)
 Metaspace       used 20481K, capacity 21233K, committed 21296K, reserved 1067008K
  class space    used 2747K, capacity 2944K, committed 2944K, reserved 1048576K
Event: 2.926 GC heap after
Heap after GC invocations=7 (full 1):
 PSYoungGen      total 141824K, used 0K [0x00000000d5f00000, 0x00000000df300000, 0x0000000100000000)
  eden space 133120K, 0% used [0x00000000d5f00000,0x00000000d5f00000,0x00000000de100000)
  from space 8704K, 0% used [0x00000000dea80000,0x00000000dea80000,0x00000000df300000)
  to   space 9216K, 0% used [0x00000000de100000,0x00000000de100000,0x00000000dea00000)
 ParOldGen       total 46592K, used 5659K [0x0000000081c00000, 0x0000000084980000, 0x00000000d5f00000)
  object space 46592K, 12% used [0x0000000081c00000,0x0000000082186eb8,0x0000000084980000)
 Metaspace       used 20479K, capacity 21227K, committed 21296K, reserved 1067008K
  class space    used 2746K, capacity 2943K, committed 2944K, reserved 1048576K
}
Event: 4.327 GC heap before
{Heap before GC invocations=8 (full 1):
 PSYoungGen      total 141824K, used 133120K [0x00000000d5f00000, 0x00000000df300000, 0x0000000100000000)
  eden space 133120K, 100% used [0x00000000d5f00000,0x00000000de100000,0x00000000de100000)
  from space 8704K, 0% used [0x00000000dea80000,0x00000000dea80000,0x00000000df300000)
  to   space 9216K, 0% used [0x00000000de100000,0x00000000de100000,0x00000000dea00000)
 ParOldGen       total 46592K, used 5659K [0x0000000081c00000, 0x0000000084980000, 0x00000000d5f00000)
  object space 46592K, 12% used [0x0000000081c00000,0x0000000082186eb8,0x0000000084980000)
 Metaspace       used 23367K, capacity 24395K, committed 24448K, reserved 1071104K
  class space    used 3197K, capacity 3426K, committed 3456K, reserved 1048576K
Event: 4.334 GC heap after
Heap after GC invocations=8 (full 1):
 PSYoungGen      total 142336K, used 8938K [0x00000000d5f00000, 0x00000000e6700000, 0x0000000100000000)
  eden space 133120K, 0% used [0x00000000d5f00000,0x00000000d5f00000,0x00000000de100000)
  from space 9216K, 96% used [0x00000000de100000,0x00000000de9ba898,0x00000000dea00000)
  to   space 10240K, 0% used [0x00000000e5d00000,0x00000000e5d00000,0x00000000e6700000)
 ParOldGen       total 46592K, used 5667K [0x0000000081c00000, 0x0000000084980000, 0x00000000d5f00000)
  object space 46592K, 12% used [0x0000000081c00000,0x0000000082188eb8,0x0000000084980000)
 Metaspace       used 23367K, capacity 24395K, committed 24448K, reserved 1071104K
  class space    used 3197K, capacity 3426K, committed 3456K, reserved 1048576K
}
Event: 4.959 GC heap before
{Heap before GC invocations=9 (full 1):
 PSYoungGen      total 142336K, used 142058K [0x00000000d5f00000, 0x00000000e6700000, 0x0000000100000000)
  eden space 133120K, 100% used [0x00000000d5f00000,0x00000000de100000,0x00000000de100000)
  from space 9216K, 96% used [0x00000000de100000,0x00000000de9ba898,0x00000000dea00000)
  to   space 10240K, 0% used [0x00000000e5d00000,0x00000000e5d00000,0x00000000e6700000)
 ParOldGen       total 46592K, used 5667K [0x0000000081c00000, 0x0000000084980000, 0x00000000d5f00000)
  object space 46592K, 12% used [0x0000000081c00000,0x0000000082188eb8,0x0000000084980000)
 Metaspace       used 28150K, capacity 29467K, committed 29568K, reserved 1075200K
  class space    used 3843K, capacity 4126K, committed 4224K, reserved 1048576K
Event: 4.966 GC heap after
Heap after GC invocations=9 (full 1):
 PSYoungGen      total 257024K, used 10228K [0x00000000d5f00000, 0x00000000e6700000, 0x0000000100000000)
  eden space 246784K, 0% used [0x00000000d5f00000,0x00000000d5f00000,0x00000000e5000000)
  from space 10240K, 99% used [0x00000000e5d00000,0x00000000e66fd198,0x00000000e6700000)
  to   space 11776K, 0% used [0x00000000e5000000,0x00000000e5000000,0x00000000e5b80000)
 ParOldGen       total 46592K, used 6696K [0x0000000081c00000, 0x0000000084980000, 0x00000000d5f00000)
  object space 46592K, 14% used [0x0000000081c00000,0x000000008228a330,0x0000000084980000)
 Metaspace       used 28150K, capacity 29467K, committed 29568K, reserved 1075200K
  class space    used 3843K, capacity 4126K, committed 4224K, reserved 1048576K
}
Event: 5.670 GC heap before
{Heap before GC invocations=10 (full 1):
 PSYoungGen      total 257024K, used 137465K [0x00000000d5f00000, 0x00000000e6700000, 0x0000000100000000)
  eden space 246784K, 51% used [0x00000000d5f00000,0x00000000ddb41400,0x00000000e5000000)
  from space 10240K, 99% used [0x00000000e5d00000,0x00000000e66fd198,0x00000000e6700000)
  to   space 11776K, 0% used [0x00000000e5000000,0x00000000e5000000,0x00000000e5b80000)
 ParOldGen       total 46592K, used 6696K [0x0000000081c00000, 0x0000000084980000, 0x00000000d5f00000)
  object space 46592K, 14% used [0x0000000081c00000,0x000000008228a330,0x0000000084980000)
 Metaspace       used 33511K, capacity 35333K, committed 35456K, reserved 1079296K
  class space    used 4523K, capacity 4885K, committed 4992K, reserved 1048576K
Event: 5.679 GC heap after
Heap after GC invocations=10 (full 1):
 PSYoungGen      total 258560K, used 11748K [0x00000000d5f00000, 0x00000000ee280000, 0x0000000100000000)
  eden space 246784K, 0% used [0x00000000d5f00000,0x00000000d5f00000,0x00000000e5000000)
  from space 11776K, 99% used [0x00000000e5000000,0x00000000e5b793c8,0x00000000e5b80000)
  to   space 13824K, 0% used [0x00000000ed500000,0x00000000ed500000,0x00000000ee280000)
 ParOldGen       total 46592K, used 8006K [0x0000000081c00000, 0x0000000084980000, 0x00000000d5f00000)
  object space 46592K, 17% used [0x0000000081c00000,0x00000000823d18c8,0x0000000084980000)
 Metaspace       used 33511K, capacity 35333K, committed 35456K, reserved 1079296K
  class space    used 4523K, capacity 4885K, committed 4992K, reserved 1048576K
}
Event: 5.679 GC heap before
{Heap before GC invocations=11 (full 2):
 PSYoungGen      total 258560K, used 11748K [0x00000000d5f00000, 0x00000000ee280000, 0x0000000100000000)
  eden space 246784K, 0% used [0x00000000d5f00000,0x00000000d5f00000,0x00000000e5000000)
  from space 11776K, 99% used [0x00000000e5000000,0x00000000e5b793c8,0x00000000e5b80000)
  to   space 13824K, 0% used [0x00000000ed500000,0x00000000ed500000,0x00000000ee280000)
 ParOldGen       total 46592K, used 8006K [0x0000000081c00000, 0x0000000084980000, 0x00000000d5f00000)
  object space 46592K, 17% used [0x0000000081c00000,0x00000000823d18c8,0x0000000084980000)
 Metaspace       used 33511K, capacity 35333K, committed 35456K, reserved 1079296K
  class space    used 4523K, capacity 4885K, committed 4992K, reserved 1048576K
Event: 5.736 GC heap after
Heap after GC invocations=11 (full 2):
 PSYoungGen      total 258560K, used 0K [0x00000000d5f00000, 0x00000000ee280000, 0x0000000100000000)
  eden space 246784K, 0% used [0x00000000d5f00000,0x00000000d5f00000,0x00000000e5000000)
  from space 11776K, 0% used [0x00000000e5000000,0x00000000e5000000,0x00000000e5b80000)
  to   space 13824K, 0% used [0x00000000ed500000,0x00000000ed500000,0x00000000ee280000)
 ParOldGen       total 46592K, used 17757K [0x0000000081c00000, 0x0000000084980000, 0x00000000d5f00000)
  object space 46592K, 38% used [0x0000000081c00000,0x0000000082d57460,0x0000000084980000)
 Metaspace       used 33511K, capacity 35333K, committed 35456K, reserved 1079296K
  class space    used 4523K, capacity 4885K, committed 4992K, reserved 1048576K
}

